<?xml version="1.0" encoding="UTF-8"?>
<robot generator="Robot 7.4.2 (Python 3.14.3 on darwin)" generated="2026-03-19T17:36:01.988049" rpa="false" schemaversion="5">
<suite id="s1" name="Example" source="/Users/pantitas/Documents/QA Automation/CICD_Mar2026/kt_cicd/tests/example.robot">
<test id="s1-t1" name="Log Hello World" line="5">
<kw name="Log" owner="BuiltIn">
<msg time="2026-03-19T17:36:02.003796" level="INFO">Hello World</msg>
<arg>Hello World</arg>
<doc>Logs the given message with the given level.</doc>
<status status="PASS" start="2026-03-19T17:36:02.003661" elapsed="0.000165"/>
</kw>
<kw name="Log To Console" owner="BuiltIn">
<arg>Hello World</arg>
<doc>Logs the given message to the console.</doc>
<status status="PASS" start="2026-03-19T17:36:02.003902" elapsed="0.000100"/>
</kw>
<status status="PASS" start="2026-03-19T17:36:02.003365" elapsed="0.000693"/>
</test>
<status status="PASS" start="2026-03-19T17:36:01.988546" elapsed="0.015654"/>
</suite>
<statistics>
<total>
<stat pass="1" fail="0" skip="0">All Tests</stat>
</total>
<tag>
</tag>
<suite>
<stat name="Example" id="s1" pass="1" fail="0" skip="0">Example</stat>
</suite>
</statistics>
<errors>
</errors>
</robot>
